<?xml version="1.0" encoding="UTF-8"?>
<!-- Generated by org.testng.reporters.JUnitReportReporter -->
<testsuite hostname="DESKTOP-UDPRT3F" failures="0" tests="1" name="cucumber.TestNGTestRunner" time="5.029" errors="0" timestamp="2024-04-01T17:36:06 IST" skipped="0">
  <testcase classname="cucumber.TestNGTestRunner" name="runScenario" time="5.029"/>
  <system-out/>
</testsuite> <!-- cucumber.TestNGTestRunner -->
