<?xml version="1.0" encoding="UTF-8"?>
<!-- Generated by org.testng.reporters.JUnitReportReporter -->
<testsuite hostname="DESKTOP-UDPRT3F" failures="0" tests="2" name="SeleniumFrameworkDesign.tests.SubmitOrderTest" time="14.967" errors="0" timestamp="2024-03-09T11:20:07 IST" skipped="0">
  <testcase classname="SeleniumFrameworkDesign.tests.SubmitOrderTest" name="submitOrderTest" time="14.761"/>
  <system-out/>
  <testcase classname="SeleniumFrameworkDesign.tests.SubmitOrderTest" name="OrderHistory" time="0.206"/>
  <system-out/>
</testsuite> <!-- SeleniumFrameworkDesign.tests.SubmitOrderTest -->
