<?xml version="1.0" encoding="UTF-8"?>
<!-- Generated by org.testng.reporters.JUnitReportReporter -->
<testsuite hostname="DESKTOP-UDPRT3F" failures="0" tests="2" name="SeleniumFrameworkDesign.tests.SubmitOrderTest" time="15.255" errors="0" timestamp="2024-03-25T18:07:47 IST" skipped="0">
  <testcase classname="SeleniumFrameworkDesign.tests.SubmitOrderTest" name="OrderHistory" time="0.247"/>
  <testcase classname="SeleniumFrameworkDesign.tests.SubmitOrderTest" name="submitOrderTest" time="15.008"/>
</testsuite> <!-- SeleniumFrameworkDesign.tests.SubmitOrderTest -->
